
*** Running vivado
    with args -log impl_top.vds -m64 -product Vivado -mode batch -messageDb vivado.pb -notrace -source impl_top.tcl


****** Vivado v2021.2 (64-bit)
  **** SW Build 3367213 on Tue Oct 19 02:47:39 MDT 2021
  **** IP Build 3369179 on Thu Oct 21 08:25:16 MDT 2021
    ** Copyright 1986-2021 Xilinx, Inc. All Rights Reserved.

source impl_top.tcl -notrace
Command: read_checkpoint -auto_incremental -incremental /home/derry/project_serial_second/project_serial_second.srcs/utils_1/imports/synth_1/impl_top.dcp
INFO: [Vivado 12-5825] Read reference checkpoint from /home/derry/project_serial_second/project_serial_second.srcs/utils_1/imports/synth_1/impl_top.dcp for incremental synthesis
INFO: [Vivado 12-7989] Please ensure there are no constraint changes
Command: synth_design -top impl_top -part xc7a100tcsg324-1
Starting synth_design
Attempting to get a license for feature 'Synthesis' and/or device 'xc7a100t'
INFO: [Common 17-349] Got license for feature 'Synthesis' and/or device 'xc7a100t'
INFO: [Device 21-403] Loading part xc7a100tcsg324-1
WARNING: [Designutils 20-4072] Reference run did not run incremental synthesis because the design is too small; reverting to default synthesis
INFO: [Designutils 20-4379] Flow is switching to default flow due to incremental criteria not met. If you would like to alter this behaviour and have the flow terminate instead, please set the following parameter config_implementation {autoIncr.Synth.RejectBehavior Terminate}
INFO: [Synth 8-7079] Multithreading enabled for synth_design using a maximum of 4 processes.
INFO: [Synth 8-7078] Launching helper process for spawning children vivado processes
INFO: [Synth 8-7075] Helper process launched with PID 3313988
WARNING: [Synth 8-6901] identifier 'PAYLOAD_BITS' is used before its declaration [/home/derry/project_serial_second/project_serial_second.srcs/sources_1/imports/rtl/uart_rx.v:16]
WARNING: [Synth 8-6901] identifier 'PAYLOAD_BITS' is used before its declaration [/home/derry/project_serial_second/project_serial_second.srcs/sources_1/imports/rtl/uart_tx.v:16]
---------------------------------------------------------------------------------
Starting RTL Elaboration : Time (s): cpu = 00:00:02 ; elapsed = 00:00:02 . Memory (MB): peak = 2610.723 ; gain = 0.000 ; free physical = 5620 ; free virtual = 48828
---------------------------------------------------------------------------------
INFO: [Synth 8-6157] synthesizing module 'impl_top' [/home/derry/project_serial_second/project_serial_second.srcs/sources_1/imports/rtl/impl_top.v:13]
INFO: [Synth 8-6157] synthesizing module 'uart_rx' [/home/derry/project_serial_second/project_serial_second.srcs/sources_1/imports/rtl/uart_rx.v:9]
	Parameter BIT_RATE bound to: 9600 - type: integer 
	Parameter CLK_HZ bound to: 100000000 - type: integer 
	Parameter PAYLOAD_BITS bound to: 8 - type: integer 
INFO: [Synth 8-6155] done synthesizing module 'uart_rx' (1#1) [/home/derry/project_serial_second/project_serial_second.srcs/sources_1/imports/rtl/uart_rx.v:9]
INFO: [Synth 8-6157] synthesizing module 'uart_tx' [/home/derry/project_serial_second/project_serial_second.srcs/sources_1/imports/rtl/uart_tx.v:10]
	Parameter BIT_RATE bound to: 9600 - type: integer 
	Parameter CLK_HZ bound to: 100000000 - type: integer 
	Parameter PAYLOAD_BITS bound to: 8 - type: integer 
INFO: [Synth 8-6155] done synthesizing module 'uart_tx' (2#1) [/home/derry/project_serial_second/project_serial_second.srcs/sources_1/imports/rtl/uart_tx.v:10]
WARNING: [Synth 8-3848] Net sw_0 in module/entity impl_top does not have driver. [/home/derry/project_serial_second/project_serial_second.srcs/sources_1/imports/rtl/impl_top.v:62]
INFO: [Synth 8-6155] done synthesizing module 'impl_top' (3#1) [/home/derry/project_serial_second/project_serial_second.srcs/sources_1/imports/rtl/impl_top.v:13]
WARNING: [Synth 8-7129] Port sw[4] in module impl_top is either unconnected or has no load
WARNING: [Synth 8-7129] Port sw[3] in module impl_top is either unconnected or has no load
WARNING: [Synth 8-7129] Port sw[2] in module impl_top is either unconnected or has no load
WARNING: [Synth 8-7129] Port sw[1] in module impl_top is either unconnected or has no load
WARNING: [Synth 8-7129] Port sw[0] in module impl_top is either unconnected or has no load
WARNING: [Synth 8-7129] Port btn[4] in module impl_top is either unconnected or has no load
WARNING: [Synth 8-7129] Port btn[3] in module impl_top is either unconnected or has no load
WARNING: [Synth 8-7129] Port btn[2] in module impl_top is either unconnected or has no load
WARNING: [Synth 8-7129] Port btn[1] in module impl_top is either unconnected or has no load
WARNING: [Synth 8-7129] Port btn[0] in module impl_top is either unconnected or has no load
---------------------------------------------------------------------------------
Finished RTL Elaboration : Time (s): cpu = 00:00:03 ; elapsed = 00:00:03 . Memory (MB): peak = 2610.723 ; gain = 0.000 ; free physical = 5059 ; free virtual = 48267
---------------------------------------------------------------------------------
---------------------------------------------------------------------------------
Start Handling Custom Attributes
---------------------------------------------------------------------------------
---------------------------------------------------------------------------------
Finished Handling Custom Attributes : Time (s): cpu = 00:00:03 ; elapsed = 00:00:03 . Memory (MB): peak = 2610.723 ; gain = 0.000 ; free physical = 5048 ; free virtual = 48257
---------------------------------------------------------------------------------
---------------------------------------------------------------------------------
Finished RTL Optimization Phase 1 : Time (s): cpu = 00:00:03 ; elapsed = 00:00:04 . Memory (MB): peak = 2610.723 ; gain = 0.000 ; free physical = 5048 ; free virtual = 48257
---------------------------------------------------------------------------------
Netlist sorting complete. Time (s): cpu = 00:00:00 ; elapsed = 00:00:00 . Memory (MB): peak = 2610.723 ; gain = 0.000 ; free physical = 5043 ; free virtual = 48251
INFO: [Project 1-570] Preparing netlist for logic optimization

Processing XDC Constraints
Initializing timing engine
Parsing XDC File [/home/derry/project_serial_second/project_serial_second.srcs/constrs_1/imports/digilent-xdc-master/Arty-A7-100-Master.xdc]
Finished Parsing XDC File [/home/derry/project_serial_second/project_serial_second.srcs/constrs_1/imports/digilent-xdc-master/Arty-A7-100-Master.xdc]
INFO: [Project 1-236] Implementation specific constraints were found while reading constraint file [/home/derry/project_serial_second/project_serial_second.srcs/constrs_1/imports/digilent-xdc-master/Arty-A7-100-Master.xdc]. These constraints will be ignored for synthesis but will be used in implementation. Impacted constraints are listed in the file [.Xil/impl_top_propImpl.xdc].
Resolution: To avoid this warning, move constraints listed in [.Xil/impl_top_propImpl.xdc] to another XDC file and exclude this new file from synthesis with the used_in_synthesis property (File Properties dialog in GUI) and re-run elaboration/synthesis.
Completed Processing XDC Constraints

Netlist sorting complete. Time (s): cpu = 00:00:00 ; elapsed = 00:00:00 . Memory (MB): peak = 2674.621 ; gain = 0.000 ; free physical = 5915 ; free virtual = 49123
INFO: [Project 1-111] Unisim Transformation Summary:
No Unisim elements were transformed.

Constraint Validation Runtime : Time (s): cpu = 00:00:00 ; elapsed = 00:00:00 . Memory (MB): peak = 2674.621 ; gain = 0.000 ; free physical = 5915 ; free virtual = 49123
WARNING: [Designutils 20-4072] Reference run did not run incremental synthesis because the design is too small; reverting to default synthesis
INFO: [Designutils 20-4379] Flow is switching to default flow due to incremental criteria not met. If you would like to alter this behaviour and have the flow terminate instead, please set the following parameter config_implementation {autoIncr.Synth.RejectBehavior Terminate}
---------------------------------------------------------------------------------
Finished Constraint Validation : Time (s): cpu = 00:00:07 ; elapsed = 00:00:07 . Memory (MB): peak = 2674.621 ; gain = 63.898 ; free physical = 5954 ; free virtual = 49162
---------------------------------------------------------------------------------
---------------------------------------------------------------------------------
Start Loading Part and Timing Information
---------------------------------------------------------------------------------
Loading part: xc7a100tcsg324-1
---------------------------------------------------------------------------------
Finished Loading Part and Timing Information : Time (s): cpu = 00:00:07 ; elapsed = 00:00:07 . Memory (MB): peak = 2674.621 ; gain = 63.898 ; free physical = 5954 ; free virtual = 49162
---------------------------------------------------------------------------------
---------------------------------------------------------------------------------
Start Applying 'set_property' XDC Constraints
---------------------------------------------------------------------------------
---------------------------------------------------------------------------------
Finished applying 'set_property' XDC Constraints : Time (s): cpu = 00:00:07 ; elapsed = 00:00:07 . Memory (MB): peak = 2674.621 ; gain = 63.898 ; free physical = 5954 ; free virtual = 49162
---------------------------------------------------------------------------------
INFO: [Synth 8-802] inferred FSM for state register 'fsm_state_reg' in module 'uart_rx'
INFO: [Synth 8-802] inferred FSM for state register 'fsm_state_reg' in module 'uart_tx'
---------------------------------------------------------------------------------------------------
                   State |                     New Encoding |                Previous Encoding 
---------------------------------------------------------------------------------------------------
                FSM_IDLE |                               00 |                              000
               FSM_START |                               11 |                              001
                FSM_RECV |                               10 |                              010
                FSM_STOP |                               01 |                              011
---------------------------------------------------------------------------------------------------
INFO: [Synth 8-3354] encoded FSM with state register 'fsm_state_reg' using encoding 'sequential' in module 'uart_rx'
---------------------------------------------------------------------------------------------------
                   State |                     New Encoding |                Previous Encoding 
---------------------------------------------------------------------------------------------------
                FSM_IDLE |                               00 |                              000
               FSM_START |                               11 |                              001
                FSM_SEND |                               10 |                              010
                FSM_STOP |                               01 |                              011
---------------------------------------------------------------------------------------------------
INFO: [Synth 8-3354] encoded FSM with state register 'fsm_state_reg' using encoding 'sequential' in module 'uart_tx'
---------------------------------------------------------------------------------
Finished RTL Optimization Phase 2 : Time (s): cpu = 00:00:07 ; elapsed = 00:00:07 . Memory (MB): peak = 2674.621 ; gain = 63.898 ; free physical = 5946 ; free virtual = 49155
---------------------------------------------------------------------------------
---------------------------------------------------------------------------------
Start RTL Component Statistics 
---------------------------------------------------------------------------------
Detailed RTL Component Info : 
+---Adders : 
	   2 Input    4 Bit       Adders := 2     
+---Registers : 
	                8 Bit    Registers := 4     
	                4 Bit    Registers := 2     
	                1 Bit    Registers := 4     
+---Muxes : 
	   2 Input    8 Bit        Muxes := 2     
	   2 Input    2 Bit        Muxes := 12    
	   4 Input    2 Bit        Muxes := 4     
	   2 Input    1 Bit        Muxes := 16    
	   3 Input    1 Bit        Muxes := 1     
	   4 Input    1 Bit        Muxes := 1     
---------------------------------------------------------------------------------
Finished RTL Component Statistics 
---------------------------------------------------------------------------------
---------------------------------------------------------------------------------
Start Part Resource Summary
---------------------------------------------------------------------------------
Part Resources:
DSPs: 240 (col length:80)
BRAMs: 270 (col length: RAMB18 80 RAMB36 40)
---------------------------------------------------------------------------------
Finished Part Resource Summary
---------------------------------------------------------------------------------
---------------------------------------------------------------------------------
Start Cross Boundary and Area Optimization
---------------------------------------------------------------------------------
WARNING: [Synth 8-7080] Parallel synthesis criteria is not met
WARNING: [Synth 8-7129] Port sw[4] in module impl_top is either unconnected or has no load
WARNING: [Synth 8-7129] Port sw[3] in module impl_top is either unconnected or has no load
WARNING: [Synth 8-7129] Port sw[2] in module impl_top is either unconnected or has no load
WARNING: [Synth 8-7129] Port sw[1] in module impl_top is either unconnected or has no load
WARNING: [Synth 8-7129] Port sw[0] in module impl_top is either unconnected or has no load
WARNING: [Synth 8-7129] Port btn[4] in module impl_top is either unconnected or has no load
WARNING: [Synth 8-7129] Port btn[3] in module impl_top is either unconnected or has no load
WARNING: [Synth 8-7129] Port btn[2] in module impl_top is either unconnected or has no load
WARNING: [Synth 8-7129] Port btn[1] in module impl_top is either unconnected or has no load
WARNING: [Synth 8-7129] Port btn[0] in module impl_top is either unconnected or has no load
WARNING: [Synth 8-3332] Sequential element (i_uart_rx/FSM_sequential_fsm_state_reg[1]) is unused and will be removed from module impl_top.
WARNING: [Synth 8-3332] Sequential element (i_uart_rx/FSM_sequential_fsm_state_reg[0]) is unused and will be removed from module impl_top.
WARNING: [Synth 8-3332] Sequential element (i_uart_tx/FSM_sequential_fsm_state_reg[1]) is unused and will be removed from module impl_top.
WARNING: [Synth 8-3332] Sequential element (i_uart_tx/FSM_sequential_fsm_state_reg[0]) is unused and will be removed from module impl_top.
---------------------------------------------------------------------------------
Finished Cross Boundary and Area Optimization : Time (s): cpu = 00:00:07 ; elapsed = 00:00:08 . Memory (MB): peak = 2674.621 ; gain = 63.898 ; free physical = 5941 ; free virtual = 49154
---------------------------------------------------------------------------------
---------------------------------------------------------------------------------
Start Applying XDC Timing Constraints
---------------------------------------------------------------------------------
---------------------------------------------------------------------------------
Finished Applying XDC Timing Constraints : Time (s): cpu = 00:00:10 ; elapsed = 00:00:11 . Memory (MB): peak = 2674.621 ; gain = 63.898 ; free physical = 5829 ; free virtual = 49041
---------------------------------------------------------------------------------
---------------------------------------------------------------------------------
Start Timing Optimization
---------------------------------------------------------------------------------
---------------------------------------------------------------------------------
Finished Timing Optimization : Time (s): cpu = 00:00:10 ; elapsed = 00:00:11 . Memory (MB): peak = 2674.621 ; gain = 63.898 ; free physical = 5829 ; free virtual = 49041
---------------------------------------------------------------------------------
---------------------------------------------------------------------------------
Start Technology Mapping
---------------------------------------------------------------------------------
---------------------------------------------------------------------------------
Finished Technology Mapping : Time (s): cpu = 00:00:11 ; elapsed = 00:00:11 . Memory (MB): peak = 2674.621 ; gain = 63.898 ; free physical = 5821 ; free virtual = 49034
---------------------------------------------------------------------------------
---------------------------------------------------------------------------------
Start IO Insertion
---------------------------------------------------------------------------------
---------------------------------------------------------------------------------
Start Flattening Before IO Insertion
---------------------------------------------------------------------------------
---------------------------------------------------------------------------------
Finished Flattening Before IO Insertion
---------------------------------------------------------------------------------
---------------------------------------------------------------------------------
Start Final Netlist Cleanup
---------------------------------------------------------------------------------
---------------------------------------------------------------------------------
Finished Final Netlist Cleanup
---------------------------------------------------------------------------------
---------------------------------------------------------------------------------
Finished IO Insertion : Time (s): cpu = 00:00:13 ; elapsed = 00:00:13 . Memory (MB): peak = 2674.621 ; gain = 63.898 ; free physical = 5855 ; free virtual = 49068
---------------------------------------------------------------------------------
---------------------------------------------------------------------------------
Start Renaming Generated Instances
---------------------------------------------------------------------------------
---------------------------------------------------------------------------------
Finished Renaming Generated Instances : Time (s): cpu = 00:00:13 ; elapsed = 00:00:13 . Memory (MB): peak = 2674.621 ; gain = 63.898 ; free physical = 5855 ; free virtual = 49068
---------------------------------------------------------------------------------
---------------------------------------------------------------------------------
Start Rebuilding User Hierarchy
---------------------------------------------------------------------------------
---------------------------------------------------------------------------------
Finished Rebuilding User Hierarchy : Time (s): cpu = 00:00:13 ; elapsed = 00:00:13 . Memory (MB): peak = 2674.621 ; gain = 63.898 ; free physical = 5855 ; free virtual = 49068
---------------------------------------------------------------------------------
---------------------------------------------------------------------------------
Start Renaming Generated Ports
---------------------------------------------------------------------------------
---------------------------------------------------------------------------------
Finished Renaming Generated Ports : Time (s): cpu = 00:00:13 ; elapsed = 00:00:13 . Memory (MB): peak = 2674.621 ; gain = 63.898 ; free physical = 5855 ; free virtual = 49068
---------------------------------------------------------------------------------
---------------------------------------------------------------------------------
Start Handling Custom Attributes
---------------------------------------------------------------------------------
---------------------------------------------------------------------------------
Finished Handling Custom Attributes : Time (s): cpu = 00:00:13 ; elapsed = 00:00:13 . Memory (MB): peak = 2674.621 ; gain = 63.898 ; free physical = 5855 ; free virtual = 49068
---------------------------------------------------------------------------------
---------------------------------------------------------------------------------
Start Renaming Generated Nets
---------------------------------------------------------------------------------
---------------------------------------------------------------------------------
Finished Renaming Generated Nets : Time (s): cpu = 00:00:13 ; elapsed = 00:00:13 . Memory (MB): peak = 2674.621 ; gain = 63.898 ; free physical = 5855 ; free virtual = 49068
---------------------------------------------------------------------------------
---------------------------------------------------------------------------------
Start Writing Synthesis Report
---------------------------------------------------------------------------------

Report BlackBoxes: 
+-+--------------+----------+
| |BlackBox name |Instances |
+-+--------------+----------+
+-+--------------+----------+

Report Cell Usage: 
+------+-----+------+
|      |Cell |Count |
+------+-----+------+
|1     |OBUF |     9|
+------+-----+------+
---------------------------------------------------------------------------------
Finished Writing Synthesis Report : Time (s): cpu = 00:00:13 ; elapsed = 00:00:13 . Memory (MB): peak = 2674.621 ; gain = 63.898 ; free physical = 5855 ; free virtual = 49068
---------------------------------------------------------------------------------
Synthesis finished with 0 errors, 0 critical warnings and 15 warnings.
Synthesis Optimization Runtime : Time (s): cpu = 00:00:12 ; elapsed = 00:00:12 . Memory (MB): peak = 2674.621 ; gain = 0.000 ; free physical = 5913 ; free virtual = 49125
Synthesis Optimization Complete : Time (s): cpu = 00:00:13 ; elapsed = 00:00:13 . Memory (MB): peak = 2674.621 ; gain = 63.898 ; free physical = 5913 ; free virtual = 49125
INFO: [Project 1-571] Translating synthesized netlist
Netlist sorting complete. Time (s): cpu = 00:00:00 ; elapsed = 00:00:00 . Memory (MB): peak = 2674.621 ; gain = 0.000 ; free physical = 5961 ; free virtual = 49173
INFO: [Project 1-570] Preparing netlist for logic optimization
INFO: [Opt 31-138] Pushed 0 inverter(s) to 0 load pin(s).
Netlist sorting complete. Time (s): cpu = 00:00:00 ; elapsed = 00:00:00 . Memory (MB): peak = 2674.621 ; gain = 0.000 ; free physical = 5941 ; free virtual = 49154
INFO: [Project 1-111] Unisim Transformation Summary:
No Unisim elements were transformed.

Synth Design complete, checksum: 650e1db3
INFO: [Common 17-83] Releasing license: Synthesis
27 Infos, 30 Warnings, 0 Critical Warnings and 0 Errors encountered.
synth_design completed successfully
synth_design: Time (s): cpu = 00:00:19 ; elapsed = 00:00:16 . Memory (MB): peak = 2674.621 ; gain = 64.031 ; free physical = 6122 ; free virtual = 49335
INFO: [Common 17-1381] The checkpoint '/home/derry/project_serial_second/project_serial_second.runs/synth_1/impl_top.dcp' has been generated.
INFO: [runtcl-4] Executing : report_utilization -file impl_top_utilization_synth.rpt -pb impl_top_utilization_synth.pb
INFO: [Common 17-206] Exiting Vivado at Wed Sep 14 10:26:10 2022...
